[2026-04-14 10:55:42.588] [vde] [info] Data store configure CACHE_SIZE_MB succeeded
[2026-04-14 10:55:42.589] [vde] [info] Data store configure INI succeeded (/data/datastore.ini)
[2026-04-14 10:55:42.841] [vde] [info] Data store initialization succeeded
[2026-04-14 10:55:42.841] [vde] [info] VDE Engine initializing with work_dir: /data
[2026-04-14 10:55:42.842] [vde] [info] [FlushManager] Started (check_interval=30s, min_threshold=100, max_interval=3600s)
[2026-04-14 10:55:42.842] [vde] [info] VectorIndexRegistry and VectorRepositoryRegistry created
[2026-04-14 10:55:43.790] [vde] [info] [VDEEngine::CreateCollection(unified)] Creating 'documents' with 1 vector space(s)
[2026-04-14 10:55:43.792] [vde] [info] [VDECollection::Init(unified)] name=documents, num_vectors=1
[2026-04-14 10:55:43.792] [vde] [info] [VDECollection::SaveMetadata] Saving metadata for collection 'documents' to: /data/documents/metadata.json
[2026-04-14 10:55:43.795] [vde] [info] [VDECollection::SaveMetadata] Metadata saved to /data/documents/metadata.json (storage_type=StorageType::BTRIEVE_FILE, index_driver_type=IndexDriverType::FAISS)
[2026-04-14 10:55:43.836] [vde] [info] [PersistentIdMap::Open] File does not exist, creating: /data/documents/segment_0/id_map.btr
[2026-04-14 10:55:43.875] [vde] [info] [PersistentIdMap::CreateFileStore] id_map file created: /data/documents/segment_0/id_map.btr
[2026-04-14 10:55:43.875] [vde] [info] [PersistentIdMap::Open] Opened with 0 mappings, next_internal_id=0
[2026-04-14 10:55:43.928] [vde] [info] [DenseBtrieveStore::Open] File does not exist, creating: /data/documents/segment_0/vectors/_default/vectors.btr
[2026-04-14 10:55:43.961] [vde] [info] [DenseBtrieveStore::CreateFile] Created file: /data/documents/segment_0/vectors/_default/vectors.btr (dim=384, record_len=1552)
[2026-04-14 10:55:43.961] [vde] [info] [DenseBtrieveStore::Open] Opened (dim=384, record_len=1552)
[2026-04-14 10:55:43.973] [vde] [info] [SegmentStateStore::Open] File does not exist, creating: /data/documents/segment_0/segment_state.btr
[2026-04-14 10:55:43.989] [vde] [info] [SegmentStateStore::CreateFile] segment_state file created: /data/documents/segment_0/segment_state.btr
[2026-04-14 10:55:43.989] [vde] [info] [SegmentStateStore::Open] max_allocated_internal_id=0, schema_version=1, freshly_created=true
[2026-04-14 10:55:43.989] [vde] [info] [VDECollection::Init(unified)] LocalShard initialized with 1 vector space(s)
[2026-04-14 10:55:43.989] [vde] [info] [FlushManager] Registered collection 'documents'
[2026-04-14 10:55:43.989] [vde] [info] [VDEEngine::CreateCollection(unified)] Collection 'documents' created successfully
[2026-04-14 11:00:49.738] [vde] [info] [FaissVectorIndexDriver::Search] === FIRST SEARCH - HNSW Parameters ===
[2026-04-14 11:00:49.738] [vde] [info] [FaissVectorIndexDriver::Search] Index ntotal: 3
[2026-04-14 11:00:49.738] [vde] [info] [FaissVectorIndexDriver::Search] Storage ntotal: 3
[2026-04-14 11:00:49.738] [vde] [info] [FaissVectorIndexDriver::Search] Query top_k: 5
[2026-04-14 11:00:49.738] [vde] [info] [FaissVectorIndexDriver::Search] Configured efSearch: 64
[2026-04-14 11:00:49.738] [vde] [info] [FaissVectorIndexDriver::Search] Request hnsw_ef override: 0
[2026-04-14 11:00:49.738] [vde] [info] [FaissVectorIndexDriver::Search] Effective efSearch for this call: 64
[2026-04-14 11:00:49.738] [vde] [info] [FaissVectorIndexDriver::Search] efConstruction: 200
[2026-04-14 11:00:49.738] [vde] [info] [FaissVectorIndexDriver::Search] max_level: 0
[2026-04-14 11:00:49.738] [vde] [info] [FaissVectorIndexDriver::Search] levels.size(): 3
[2026-04-14 11:00:49.738] [vde] [info] [FaissVectorIndexDriver::Search] entry_point: 0
[2026-04-14 11:00:49.738] [vde] [info] [FaissVectorIndexDriver::Search] M (neighbors at level 1): 32
[2026-04-14 11:00:49.738] [vde] [info] [FaissVectorIndexDriver::Search] Storage exists: true, own_fields: true
[2026-04-14 11:00:49.738] [vde] [info] [FaissVectorIndexDriver::Search] ============================================
[2026-04-14 11:01:12.844] [vde] [info] [FlushManager] Timer started for 'documents' (interval=3600s)
[2026-04-14 11:08:37.681] [vde] [info] VDE Engine shutting down...
[2026-04-14 11:08:37.681] [vde] [info] [FlushManager] Stopped
[2026-04-14 11:08:37.681] [vde] [info] Shutting down rebuild manager (waiting up to 30s for tasks to complete)...
[2026-04-14 11:08:37.681] [vde] [info] Rebuild manager shutdown complete
[2026-04-14 11:08:37.681] [vde] [info] [VDECollection::~VDECollection] Destroying collection 'documents'
[2026-04-14 11:08:37.681] [vde] [info] [VDECollection::~VDECollection] Flush collection before destruction
[2026-04-14 11:08:37.681] [vde] [info] [VDECollection::SaveMetadata] Saving metadata for collection 'documents' to: /data/documents/metadata.json
[2026-04-14 11:08:37.684] [vde] [info] [VDECollection::SaveMetadata] Metadata saved to /data/documents/metadata.json (storage_type=StorageType::BTRIEVE_FILE, index_driver_type=IndexDriverType::FAISS)
[2026-04-14 11:08:37.701] [vde] [info] [FaissVectorIndexDriver::Serialize] Serializing index to: /data/documents/segment_0/vectors/default
[2026-04-14 11:08:37.704] [vde] [info] [FaissVectorIndexDriver::Serialize] Index stats: ntotal=10, id_map_size=10, deleted_ids=2
[2026-04-14 11:08:37.704] [vde] [info] [FaissVectorIndexDriver::Serialize] HNSW params: efConstruction=200, efSearch=64, max_level=0
[2026-04-14 11:08:37.706] [vde] [info] [FaissVectorIndexDriver::Serialize] Writing FAISS index to: /data/documents/segment_0/vectors/default/faiss.index
[2026-04-14 11:08:37.710] [vde] [info] [FaissVectorIndexDriver::Serialize] FAISS index written successfully
[2026-04-14 11:08:37.714] [vde] [info] [FaissVectorIndexDriver::Serialize] Index file size: 0.02 MB
[2026-04-14 11:08:37.724] [vde] [info] [FaissVectorIndexDriver::Serialize] Metadata written to /data/documents/segment_0/vectors/default.meta
[2026-04-14 11:08:37.724] [vde] [info] [FaissVectorIndexDriver::Serialize] Serialization completed
[2026-04-14 11:08:37.734] [vde] [info] [VDECollection::~VDECollection] Flush completed.
[2026-04-14 11:08:37.734] [vde] [info] [VDECollection::~VDECollection] Collection 'documents' destroyed successfully
[2026-04-14 11:08:37.737] [vde] [info] VDE Engine destroyed
[2026-04-14 11:08:37.748] [vde] [info] Data store deinitialization succeeded
